build/app/intermediates/manifest_merge_blame_file/stagingDebug/manifest-merger-blame-staging-debug-report.txt
1<?xml version="1.0" encoding="utf-8"?>
2<manifest xmlns:android="http://schemas.android.com/apk/res/android"
3    package="com.myopenai.chatbot"
4    android:versionCode="1"
5    android:versionName="1.0.0" >
6    <!--
7 io.flutter.app.FlutterApplication is an android.app.Application that
8         calls FlutterMain.startInitialization(this); in its onCreate method.
9         In most cases you can leave this as-is, but you if you want to provide
10         additional functionality it is fine to subclass or reimplement
11         FlutterApplication and put your custom class here.
12    -->
13    <uses-sdk
13-->src\main\AndroidManifest.xml:8:5-74
14        android:minSdkVersion="21"
14-->src\main\AndroidManifest.xml:8:15-41
15        android:targetSdkVersion="33" />
15-->src\main\AndroidManifest.xml:8:42-71
16    <!--
17         Flutter needs it to communicate with the running application
18         to allow setting breakpoints, to provide hot reload, etc.
19    -->
20    <uses-permission android:name="android.permission.INTERNET" />
20-->src\main\AndroidManifest.xml:9:5-66
20-->src\main\AndroidManifest.xml:9:22-64
21    <uses-permission android:name="android.permission.ACCESS_FINE_LOCATION" />
21-->src\main\AndroidManifest.xml:10:5-79
21-->src\main\AndroidManifest.xml:10:22-76
22    <uses-permission android:name="android.permission.ACCESS_COARSE_LOCATION" />
22-->src\main\AndroidManifest.xml:11:5-81
22-->src\main\AndroidManifest.xml:11:22-78
23    <uses-permission android:name="android.permission.WAKE_LOCK" />
23-->[:firebase_messaging] AndroidManifest.xml:10:5-68
23-->[:firebase_messaging] AndroidManifest.xml:10:22-65
24    <uses-permission android:name="android.permission.ACCESS_NETWORK_STATE" />
24-->[:firebase_messaging] AndroidManifest.xml:11:5-79
24-->[:firebase_messaging] AndroidManifest.xml:11:22-76
25    <uses-permission android:name="android.permission.RECEIVE_BOOT_COMPLETED" />
25-->[:flutter_local_notifications] AndroidManifest.xml:9:5-81
25-->[:flutter_local_notifications] AndroidManifest.xml:9:22-78
26    <uses-permission android:name="android.permission.VIBRATE" />
26-->[:flutter_local_notifications] AndroidManifest.xml:10:5-66
26-->[:flutter_local_notifications] AndroidManifest.xml:10:22-63
27    <uses-permission android:name="android.permission.USE_FULL_SCREEN_INTENT" />
27-->[:flutter_local_notifications] AndroidManifest.xml:11:5-81
27-->[:flutter_local_notifications] AndroidManifest.xml:11:22-78
28    <uses-permission android:name="android.permission.SCHEDULE_EXACT_ALARM" />
28-->[:flutter_local_notifications] AndroidManifest.xml:12:5-79
28-->[:flutter_local_notifications] AndroidManifest.xml:12:22-76
29    <uses-permission android:name="android.permission.POST_NOTIFICATIONS" />
29-->[:flutter_local_notifications] AndroidManifest.xml:13:5-77
29-->[:flutter_local_notifications] AndroidManifest.xml:13:22-74
30
31    <uses-feature
31-->[com.google.android.gms:play-services-maps:18.2.0] AndroidManifest.xml:26:5-28:35
32        android:glEsVersion="0x00020000"
32-->[com.google.android.gms:play-services-maps:18.2.0] AndroidManifest.xml:27:9-41
33        android:required="true" />
33-->[com.google.android.gms:play-services-maps:18.2.0] AndroidManifest.xml:28:9-32
34
35    <queries>
35-->[com.google.android.gms:play-services-maps:18.2.0] AndroidManifest.xml:30:5-34:15
36
37        <!-- Needs to be explicitly declared on Android R+ -->
38        <package android:name="com.google.android.apps.maps" />
38-->[com.google.android.gms:play-services-maps:18.2.0] AndroidManifest.xml:33:9-64
38-->[com.google.android.gms:play-services-maps:18.2.0] AndroidManifest.xml:33:18-61
39    </queries> <!-- Required by older versions of Google Play services to create IID tokens -->
40    <uses-permission android:name="com.google.android.c2dm.permission.RECEIVE" />
40-->[com.google.firebase:firebase-messaging:23.0.8] AndroidManifest.xml:29:5-82
40-->[com.google.firebase:firebase-messaging:23.0.8] AndroidManifest.xml:29:22-79
41
42    <permission
42-->[androidx.core:core:1.10.1] AndroidManifest.xml:22:5-24:47
43        android:name="com.myopenai.chatbot.DYNAMIC_RECEIVER_NOT_EXPORTED_PERMISSION"
43-->[androidx.core:core:1.10.1] AndroidManifest.xml:23:9-81
44        android:protectionLevel="signature" />
44-->[androidx.core:core:1.10.1] AndroidManifest.xml:24:9-44
45
46    <uses-permission android:name="com.myopenai.chatbot.DYNAMIC_RECEIVER_NOT_EXPORTED_PERMISSION" />
46-->[androidx.core:core:1.10.1] AndroidManifest.xml:26:5-97
46-->[androidx.core:core:1.10.1] AndroidManifest.xml:26:22-94
47
48    <application
49        android:name="android.app.Application"
50        android:appComponentFactory="androidx.core.app.CoreComponentFactory"
50-->[androidx.core:core:1.10.1] AndroidManifest.xml:28:18-86
51        android:debuggable="true"
52        android:icon="@mipmap/launcher_icon"
53        android:label="chatbot" >
54        <activity
55            android:name="com.myopenai.chatbot.MainActivity"
56            android:configChanges="orientation|keyboardHidden|keyboard|screenSize|smallestScreenSize|locale|layoutDirection|fontScale|screenLayout|density|uiMode"
57            android:exported="true"
58            android:hardwareAccelerated="true"
59            android:launchMode="singleTop"
60            android:theme="@style/LaunchTheme"
61            android:windowSoftInputMode="adjustResize" >
62
63            <!--
64                 Specifies an Android theme to apply to this Activity as soon as
65                 the Android process has started. This theme is visible to the user
66                 while the Flutter UI initializes. After that, this theme continues
67                 to determine the Window background behind the Flutter UI.
68            -->
69            <meta-data
70                android:name="io.flutter.embedding.android.NormalTheme"
71                android:resource="@style/NormalTheme" />
72            <!--
73                 Displays an Android View that continues showing the launch screen
74                 Drawable until Flutter paints its first frame, then this splash
75                 screen fades out. A splash screen is useful to avoid any visual
76                 gap between the end of Android's launch screen and the painting of
77                 Flutter's first frame.
78            -->
79            <meta-data
80                android:name="io.flutter.embedding.android.SplashScreenDrawable"
81                android:resource="@drawable/background_launcher" />
82
83            <intent-filter>
84                <action android:name="android.intent.action.MAIN" />
85
86                <category android:name="android.intent.category.LAUNCHER" />
87            </intent-filter>
88        </activity>
89        <!--
90             Don't delete the meta-data below.
91             This is used by the Flutter tool to generate GeneratedPluginRegistrant.java
92        -->
93        <meta-data
94            android:name="flutterEmbedding"
95            android:value="2" />
96
97        <service
97-->[:firebase_messaging] AndroidManifest.xml:14:9-17:72
98            android:name="io.flutter.plugins.firebase.messaging.FlutterFirebaseMessagingBackgroundService"
98-->[:firebase_messaging] AndroidManifest.xml:15:13-107
99            android:exported="false"
99-->[:firebase_messaging] AndroidManifest.xml:16:13-37
100            android:permission="android.permission.BIND_JOB_SERVICE" />
100-->[:firebase_messaging] AndroidManifest.xml:17:13-69
101        <service
101-->[:firebase_messaging] AndroidManifest.xml:18:9-24:19
102            android:name="io.flutter.plugins.firebase.messaging.FlutterFirebaseMessagingService"
102-->[:firebase_messaging] AndroidManifest.xml:19:13-97
103            android:exported="false" >
103-->[:firebase_messaging] AndroidManifest.xml:20:13-37
104            <intent-filter>
104-->[:firebase_messaging] AndroidManifest.xml:21:13-23:29
105                <action android:name="com.google.firebase.MESSAGING_EVENT" />
105-->[:firebase_messaging] AndroidManifest.xml:22:17-78
105-->[:firebase_messaging] AndroidManifest.xml:22:25-75
106            </intent-filter>
107        </service>
108
109        <receiver
109-->[:firebase_messaging] AndroidManifest.xml:26:9-33:20
110            android:name="io.flutter.plugins.firebase.messaging.FlutterFirebaseMessagingReceiver"
110-->[:firebase_messaging] AndroidManifest.xml:27:13-98
111            android:exported="true"
111-->[:firebase_messaging] AndroidManifest.xml:28:13-36
112            android:permission="com.google.android.c2dm.permission.SEND" >
112-->[:firebase_messaging] AndroidManifest.xml:29:13-73
113            <intent-filter>
113-->[:firebase_messaging] AndroidManifest.xml:30:13-32:29
114                <action android:name="com.google.android.c2dm.intent.RECEIVE" />
114-->[:firebase_messaging] AndroidManifest.xml:31:17-81
114-->[:firebase_messaging] AndroidManifest.xml:31:25-78
115            </intent-filter>
116        </receiver>
117
118        <service
118-->[:firebase_messaging] AndroidManifest.xml:35:9-39:19
119            android:name="com.google.firebase.components.ComponentDiscoveryService"
119-->[:firebase_messaging] AndroidManifest.xml:35:18-89
120            android:directBootAware="true"
120-->[com.google.firebase:firebase-common:20.1.2] AndroidManifest.xml:35:13-43
121            android:exported="false" >
121-->[com.google.firebase:firebase-messaging:23.0.8] AndroidManifest.xml:55:13-37
122            <meta-data
122-->[:firebase_messaging] AndroidManifest.xml:36:13-38:85
123                android:name="com.google.firebase.components:io.flutter.plugins.firebase.messaging.FlutterFirebaseAppRegistrar"
123-->[:firebase_messaging] AndroidManifest.xml:37:17-128
124                android:value="com.google.firebase.components.ComponentRegistrar" />
124-->[:firebase_messaging] AndroidManifest.xml:38:17-82
125            <meta-data
125-->[:firebase_core] AndroidManifest.xml:11:13-13:85
126                android:name="com.google.firebase.components:io.flutter.plugins.firebase.core.FlutterFirebaseCoreRegistrar"
126-->[:firebase_core] AndroidManifest.xml:12:17-124
127                android:value="com.google.firebase.components.ComponentRegistrar" />
127-->[:firebase_core] AndroidManifest.xml:13:17-82
128            <meta-data
128-->[com.google.firebase:firebase-messaging:23.0.8] AndroidManifest.xml:56:13-58:85
129                android:name="com.google.firebase.components:com.google.firebase.messaging.FirebaseMessagingRegistrar"
129-->[com.google.firebase:firebase-messaging:23.0.8] AndroidManifest.xml:57:17-119
130                android:value="com.google.firebase.components.ComponentRegistrar" />
130-->[com.google.firebase:firebase-messaging:23.0.8] AndroidManifest.xml:58:17-82
131            <meta-data
131-->[com.google.firebase:firebase-datatransport:18.1.6] AndroidManifest.xml:28:13-30:85
132                android:name="com.google.firebase.components:com.google.firebase.datatransport.TransportRegistrar"
132-->[com.google.firebase:firebase-datatransport:18.1.6] AndroidManifest.xml:29:17-115
133                android:value="com.google.firebase.components.ComponentRegistrar" />
133-->[com.google.firebase:firebase-datatransport:18.1.6] AndroidManifest.xml:30:17-82
134            <meta-data
134-->[com.google.firebase:firebase-installations:17.0.3] AndroidManifest.xml:18:13-20:85
135                android:name="com.google.firebase.components:com.google.firebase.installations.FirebaseInstallationsRegistrar"
135-->[com.google.firebase:firebase-installations:17.0.3] AndroidManifest.xml:19:17-127
136                android:value="com.google.firebase.components.ComponentRegistrar" />
136-->[com.google.firebase:firebase-installations:17.0.3] AndroidManifest.xml:20:17-82
137        </service>
138
139        <provider
139-->[:firebase_messaging] AndroidManifest.xml:41:9-45:38
140            android:name="io.flutter.plugins.firebase.messaging.FlutterFirebaseMessagingInitProvider"
140-->[:firebase_messaging] AndroidManifest.xml:42:13-102
141            android:authorities="com.myopenai.chatbot.flutterfirebasemessaginginitprovider"
141-->[:firebase_messaging] AndroidManifest.xml:43:13-88
142            android:exported="false"
142-->[:firebase_messaging] AndroidManifest.xml:44:13-37
143            android:initOrder="99" />
143-->[:firebase_messaging] AndroidManifest.xml:45:13-35
144        <provider
144-->[:image_picker_android] AndroidManifest.xml:10:9-18:20
145            android:name="io.flutter.plugins.imagepicker.ImagePickerFileProvider"
145-->[:image_picker_android] AndroidManifest.xml:11:13-82
146            android:authorities="com.myopenai.chatbot.flutter.image_provider"
146-->[:image_picker_android] AndroidManifest.xml:12:13-74
147            android:exported="false"
147-->[:image_picker_android] AndroidManifest.xml:13:13-37
148            android:grantUriPermissions="true" >
148-->[:image_picker_android] AndroidManifest.xml:14:13-47
149            <meta-data
149-->[:image_picker_android] AndroidManifest.xml:15:13-17:75
150                android:name="android.support.FILE_PROVIDER_PATHS"
150-->[:image_picker_android] AndroidManifest.xml:16:17-67
151                android:resource="@xml/flutter_image_picker_file_paths" />
151-->[:image_picker_android] AndroidManifest.xml:17:17-72
152        </provider>
153
154        <receiver
154-->[:flutter_local_notifications] AndroidManifest.xml:16:9-18:40
155            android:name="com.dexterous.flutterlocalnotifications.ScheduledNotificationReceiver"
155-->[:flutter_local_notifications] AndroidManifest.xml:17:13-97
156            android:exported="false" />
156-->[:flutter_local_notifications] AndroidManifest.xml:18:13-37
157        <receiver
157-->[:flutter_local_notifications] AndroidManifest.xml:19:9-28:20
158            android:name="com.dexterous.flutterlocalnotifications.ScheduledNotificationBootReceiver"
158-->[:flutter_local_notifications] AndroidManifest.xml:20:13-101
159            android:exported="false" >
159-->[:flutter_local_notifications] AndroidManifest.xml:21:13-37
160            <intent-filter>
160-->[:flutter_local_notifications] AndroidManifest.xml:22:13-27:29
161                <action android:name="android.intent.action.BOOT_COMPLETED" />
161-->[:flutter_local_notifications] AndroidManifest.xml:23:17-79
161-->[:flutter_local_notifications] AndroidManifest.xml:23:25-76
162                <action android:name="android.intent.action.MY_PACKAGE_REPLACED" />
162-->[:flutter_local_notifications] AndroidManifest.xml:24:17-84
162-->[:flutter_local_notifications] AndroidManifest.xml:24:25-81
163                <action android:name="android.intent.action.QUICKBOOT_POWERON" />
163-->[:flutter_local_notifications] AndroidManifest.xml:25:17-82
163-->[:flutter_local_notifications] AndroidManifest.xml:25:25-79
164                <action android:name="com.htc.intent.action.QUICKBOOT_POWERON" />
164-->[:flutter_local_notifications] AndroidManifest.xml:26:17-82
164-->[:flutter_local_notifications] AndroidManifest.xml:26:25-79
165            </intent-filter>
166        </receiver> <!-- Needs to be explicitly declared on P+ -->
167        <uses-library
167-->[com.google.android.gms:play-services-maps:18.2.0] AndroidManifest.xml:39:9-41:40
168            android:name="org.apache.http.legacy"
168-->[com.google.android.gms:play-services-maps:18.2.0] AndroidManifest.xml:40:13-50
169            android:required="false" />
169-->[com.google.android.gms:play-services-maps:18.2.0] AndroidManifest.xml:41:13-37
170
171        <receiver
171-->[com.google.firebase:firebase-messaging:23.0.8] AndroidManifest.xml:32:9-39:20
172            android:name="com.google.firebase.iid.FirebaseInstanceIdReceiver"
172-->[com.google.firebase:firebase-messaging:23.0.8] AndroidManifest.xml:33:13-78
173            android:exported="true"
173-->[com.google.firebase:firebase-messaging:23.0.8] AndroidManifest.xml:34:13-36
174            android:permission="com.google.android.c2dm.permission.SEND" >
174-->[com.google.firebase:firebase-messaging:23.0.8] AndroidManifest.xml:35:13-73
175            <intent-filter>
175-->[:firebase_messaging] AndroidManifest.xml:30:13-32:29
176                <action android:name="com.google.android.c2dm.intent.RECEIVE" />
176-->[:firebase_messaging] AndroidManifest.xml:31:17-81
176-->[:firebase_messaging] AndroidManifest.xml:31:25-78
177            </intent-filter>
178        </receiver>
179        <!--
180             FirebaseMessagingService performs security checks at runtime,
181             but set to not exported to explicitly avoid allowing another app to call it.
182        -->
183        <service
183-->[com.google.firebase:firebase-messaging:23.0.8] AndroidManifest.xml:45:9-52:19
184            android:name="com.google.firebase.messaging.FirebaseMessagingService"
184-->[com.google.firebase:firebase-messaging:23.0.8] AndroidManifest.xml:46:13-82
185            android:directBootAware="true"
185-->[com.google.firebase:firebase-messaging:23.0.8] AndroidManifest.xml:47:13-43
186            android:exported="false" >
186-->[com.google.firebase:firebase-messaging:23.0.8] AndroidManifest.xml:48:13-37
187            <intent-filter android:priority="-500" >
187-->[:firebase_messaging] AndroidManifest.xml:21:13-23:29
188                <action android:name="com.google.firebase.MESSAGING_EVENT" />
188-->[:firebase_messaging] AndroidManifest.xml:22:17-78
188-->[:firebase_messaging] AndroidManifest.xml:22:25-75
189            </intent-filter>
190        </service>
191
192        <activity
192-->[com.google.android.gms:play-services-base:18.0.1] AndroidManifest.xml:20:9-22:45
193            android:name="com.google.android.gms.common.api.GoogleApiActivity"
193-->[com.google.android.gms:play-services-base:18.0.1] AndroidManifest.xml:20:19-85
194            android:exported="false"
194-->[com.google.android.gms:play-services-base:18.0.1] AndroidManifest.xml:22:19-43
195            android:theme="@android:style/Theme.Translucent.NoTitleBar" />
195-->[com.google.android.gms:play-services-base:18.0.1] AndroidManifest.xml:21:19-78
196
197        <provider
197-->[com.google.firebase:firebase-common:20.1.2] AndroidManifest.xml:26:9-31:39
198            android:name="com.google.firebase.provider.FirebaseInitProvider"
198-->[com.google.firebase:firebase-common:20.1.2] AndroidManifest.xml:27:13-77
199            android:authorities="com.myopenai.chatbot.firebaseinitprovider"
199-->[com.google.firebase:firebase-common:20.1.2] AndroidManifest.xml:28:13-72
200            android:directBootAware="true"
200-->[com.google.firebase:firebase-common:20.1.2] AndroidManifest.xml:29:13-43
201            android:exported="false"
201-->[com.google.firebase:firebase-common:20.1.2] AndroidManifest.xml:30:13-37
202            android:initOrder="100" />
202-->[com.google.firebase:firebase-common:20.1.2] AndroidManifest.xml:31:13-36
203
204        <meta-data
204-->[com.google.android.gms:play-services-basement:18.1.0] AndroidManifest.xml:21:9-23:69
205            android:name="com.google.android.gms.version"
205-->[com.google.android.gms:play-services-basement:18.1.0] AndroidManifest.xml:22:13-58
206            android:value="@integer/google_play_services_version" />
206-->[com.google.android.gms:play-services-basement:18.1.0] AndroidManifest.xml:23:13-66
207
208        <uses-library
208-->[androidx.window:window:1.0.0-beta04] AndroidManifest.xml:25:9-27:40
209            android:name="androidx.window.extensions"
209-->[androidx.window:window:1.0.0-beta04] AndroidManifest.xml:26:13-54
210            android:required="false" />
210-->[androidx.window:window:1.0.0-beta04] AndroidManifest.xml:27:13-37
211        <uses-library
211-->[androidx.window:window:1.0.0-beta04] AndroidManifest.xml:28:9-30:40
212            android:name="androidx.window.sidecar"
212-->[androidx.window:window:1.0.0-beta04] AndroidManifest.xml:29:13-51
213            android:required="false" />
213-->[androidx.window:window:1.0.0-beta04] AndroidManifest.xml:30:13-37
214
215        <provider
215-->[androidx.profileinstaller:profileinstaller:1.3.0] AndroidManifest.xml:24:9-32:20
216            android:name="androidx.startup.InitializationProvider"
216-->[androidx.profileinstaller:profileinstaller:1.3.0] AndroidManifest.xml:25:13-67
217            android:authorities="com.myopenai.chatbot.androidx-startup"
217-->[androidx.profileinstaller:profileinstaller:1.3.0] AndroidManifest.xml:26:13-68
218            android:exported="false" >
218-->[androidx.profileinstaller:profileinstaller:1.3.0] AndroidManifest.xml:27:13-37
219            <meta-data
219-->[androidx.profileinstaller:profileinstaller:1.3.0] AndroidManifest.xml:29:13-31:52
220                android:name="androidx.profileinstaller.ProfileInstallerInitializer"
220-->[androidx.profileinstaller:profileinstaller:1.3.0] AndroidManifest.xml:30:17-85
221                android:value="androidx.startup" />
221-->[androidx.profileinstaller:profileinstaller:1.3.0] AndroidManifest.xml:31:17-49
222        </provider>
223
224        <receiver
224-->[androidx.profileinstaller:profileinstaller:1.3.0] AndroidManifest.xml:34:9-52:20
225            android:name="androidx.profileinstaller.ProfileInstallReceiver"
225-->[androidx.profileinstaller:profileinstaller:1.3.0] AndroidManifest.xml:35:13-76
226            android:directBootAware="false"
226-->[androidx.profileinstaller:profileinstaller:1.3.0] AndroidManifest.xml:36:13-44
227            android:enabled="true"
227-->[androidx.profileinstaller:profileinstaller:1.3.0] AndroidManifest.xml:37:13-35
228            android:exported="true"
228-->[androidx.profileinstaller:profileinstaller:1.3.0] AndroidManifest.xml:38:13-36
229            android:permission="android.permission.DUMP" >
229-->[androidx.profileinstaller:profileinstaller:1.3.0] AndroidManifest.xml:39:13-57
230            <intent-filter>
230-->[androidx.profileinstaller:profileinstaller:1.3.0] AndroidManifest.xml:40:13-42:29
231                <action android:name="androidx.profileinstaller.action.INSTALL_PROFILE" />
231-->[androidx.profileinstaller:profileinstaller:1.3.0] AndroidManifest.xml:41:17-91
231-->[androidx.profileinstaller:profileinstaller:1.3.0] AndroidManifest.xml:41:25-88
232            </intent-filter>
233            <intent-filter>
233-->[androidx.profileinstaller:profileinstaller:1.3.0] AndroidManifest.xml:43:13-45:29
234                <action android:name="androidx.profileinstaller.action.SKIP_FILE" />
234-->[androidx.profileinstaller:profileinstaller:1.3.0] AndroidManifest.xml:44:17-85
234-->[androidx.profileinstaller:profileinstaller:1.3.0] AndroidManifest.xml:44:25-82
235            </intent-filter>
236            <intent-filter>
236-->[androidx.profileinstaller:profileinstaller:1.3.0] AndroidManifest.xml:46:13-48:29
237                <action android:name="androidx.profileinstaller.action.SAVE_PROFILE" />
237-->[androidx.profileinstaller:profileinstaller:1.3.0] AndroidManifest.xml:47:17-88
237-->[androidx.profileinstaller:profileinstaller:1.3.0] AndroidManifest.xml:47:25-85
238            </intent-filter>
239            <intent-filter>
239-->[androidx.profileinstaller:profileinstaller:1.3.0] AndroidManifest.xml:49:13-51:29
240                <action android:name="androidx.profileinstaller.action.BENCHMARK_OPERATION" />
240-->[androidx.profileinstaller:profileinstaller:1.3.0] AndroidManifest.xml:50:17-95
240-->[androidx.profileinstaller:profileinstaller:1.3.0] AndroidManifest.xml:50:25-92
241            </intent-filter>
242        </receiver>
243
244        <service
244-->[com.google.android.datatransport:transport-backend-cct:3.1.7] AndroidManifest.xml:29:9-35:19
245            android:name="com.google.android.datatransport.runtime.backends.TransportBackendDiscovery"
245-->[com.google.android.datatransport:transport-backend-cct:3.1.7] AndroidManifest.xml:30:13-103
246            android:exported="false" >
246-->[com.google.android.datatransport:transport-backend-cct:3.1.7] AndroidManifest.xml:31:13-37
247            <meta-data
247-->[com.google.android.datatransport:transport-backend-cct:3.1.7] AndroidManifest.xml:32:13-34:39
248                android:name="backend:com.google.android.datatransport.cct.CctBackendFactory"
248-->[com.google.android.datatransport:transport-backend-cct:3.1.7] AndroidManifest.xml:33:17-94
249                android:value="cct" />
249-->[com.google.android.datatransport:transport-backend-cct:3.1.7] AndroidManifest.xml:34:17-36
250        </service>
251        <service
251-->[com.google.android.datatransport:transport-runtime:3.1.7] AndroidManifest.xml:26:9-30:19
252            android:name="com.google.android.datatransport.runtime.scheduling.jobscheduling.JobInfoSchedulerService"
252-->[com.google.android.datatransport:transport-runtime:3.1.7] AndroidManifest.xml:27:13-117
253            android:exported="false"
253-->[com.google.android.datatransport:transport-runtime:3.1.7] AndroidManifest.xml:28:13-37
254            android:permission="android.permission.BIND_JOB_SERVICE" >
254-->[com.google.android.datatransport:transport-runtime:3.1.7] AndroidManifest.xml:29:13-69
255        </service>
256
257        <receiver
257-->[com.google.android.datatransport:transport-runtime:3.1.7] AndroidManifest.xml:32:9-34:40
258            android:name="com.google.android.datatransport.runtime.scheduling.jobscheduling.AlarmManagerSchedulerBroadcastReceiver"
258-->[com.google.android.datatransport:transport-runtime:3.1.7] AndroidManifest.xml:33:13-132
259            android:exported="false" />
259-->[com.google.android.datatransport:transport-runtime:3.1.7] AndroidManifest.xml:34:13-37
260    </application>
261
262</manifest>